{
  "RSpec": {
    "coverage": {
      "/Users/kelsieporter/turing/mod_2/independent_challenges/b2-mid-mod/config/environment.rb": {
        "lines": [
          null,
          1,
          null,
          null,
          1
        ]
      },
      "/Users/kelsieporter/turing/mod_2/independent_challenges/b2-mid-mod/config/application.rb": {
        "lines": [
          1,
          null,
          1,
          null,
          1,
          1,
          1,
          1,
          1,
          1,
          1,
          1,
          1,
          null,
          null,
          null,
          null,
          1,
          null,
          1,
          1,
          null,
          1,
          null,
          null,
          null,
          null,
          null,
          null,
          null,
          1,
          null,
          null
        ]
      },
      "/Users/kelsieporter/turing/mod_2/independent_challenges/b2-mid-mod/config/boot.rb": {
        "lines": [
          1,
          null,
          1,
          1
        ]
      },
      "/Users/kelsieporter/turing/mod_2/independent_challenges/b2-mid-mod/config/environments/test.rb": {
        "lines": [
          1,
          null,
          null,
          null,
          null,
          null,
          null,
          1,
          null,
          null,
          null,
          null,
          1,
          null,
          null,
          1,
          1,
          null,
          null,
          null,
          null,
          1,
          1,
          null,
          null,
          1,
          null,
          null,
          1,
          null,
          null,
          1,
          null,
          1,
          null,
          null,
          null,
          null,
          1,
          null,
          null,
          1,
          null,
          null,
          null,
          null
        ]
      },
      "/Users/kelsieporter/turing/mod_2/independent_challenges/b2-mid-mod/config/initializers/application_controller_renderer.rb": {
        "lines": [
          null,
          null,
          null,
          null,
          null,
          null,
          null,
          null
        ]
      },
      "/Users/kelsieporter/turing/mod_2/independent_challenges/b2-mid-mod/config/initializers/assets.rb": {
        "lines": [
          null,
          null,
          null,
          1,
          null,
          null,
          null,
          null,
          1,
          null,
          null,
          null,
          null,
          null
        ]
      },
      "/Users/kelsieporter/turing/mod_2/independent_challenges/b2-mid-mod/config/initializers/backtrace_silencers.rb": {
        "lines": [
          null,
          null,
          null,
          null,
          null,
          null,
          null
        ]
      },
      "/Users/kelsieporter/turing/mod_2/independent_challenges/b2-mid-mod/config/initializers/content_security_policy.rb": {
        "lines": [
          null,
          null,
          null,
          null,
          null,
          null,
          null,
          null,
          null,
          null,
          null,
          null,
          null,
          null,
          null,
          null,
          null,
          null,
          null,
          null,
          null,
          null,
          null,
          null,
          null
        ]
      },
      "/Users/kelsieporter/turing/mod_2/independent_challenges/b2-mid-mod/config/initializers/cookies_serializer.rb": {
        "lines": [
          null,
          null,
          null,
          null,
          1
        ]
      },
      "/Users/kelsieporter/turing/mod_2/independent_challenges/b2-mid-mod/config/initializers/filter_parameter_logging.rb": {
        "lines": [
          null,
          null,
          null,
          1
        ]
      },
      "/Users/kelsieporter/turing/mod_2/independent_challenges/b2-mid-mod/config/initializers/inflections.rb": {
        "lines": [
          null,
          null,
          null,
          null,
          null,
          null,
          null,
          null,
          null,
          null,
          null,
          null,
          null,
          null,
          null,
          null
        ]
      },
      "/Users/kelsieporter/turing/mod_2/independent_challenges/b2-mid-mod/config/initializers/mime_types.rb": {
        "lines": [
          null,
          null,
          null,
          null
        ]
      },
      "/Users/kelsieporter/turing/mod_2/independent_challenges/b2-mid-mod/config/initializers/wrap_parameters.rb": {
        "lines": [
          null,
          null,
          null,
          null,
          null,
          null,
          1,
          2,
          null,
          null,
          null,
          null,
          null,
          null
        ]
      },
      "/Users/kelsieporter/turing/mod_2/independent_challenges/b2-mid-mod/config/routes.rb": {
        "lines": [
          1,
          null,
          null,
          null,
          1,
          null,
          null,
          null,
          1,
          null,
          null,
          1,
          null
        ]
      },
      "/Users/kelsieporter/turing/mod_2/independent_challenges/b2-mid-mod/app/helpers/application_helper.rb": {
        "lines": [
          1,
          null
        ]
      },
      "/Users/kelsieporter/turing/mod_2/independent_challenges/b2-mid-mod/spec/features/employees/show_spec.rb": {
        "lines": [
          1,
          null,
          1,
          1,
          4,
          4,
          4,
          null,
          4,
          4,
          4,
          4,
          4,
          4,
          null,
          4,
          4,
          4,
          4,
          null,
          4,
          4,
          4,
          null,
          null,
          null,
          1,
          1,
          null,
          1,
          1,
          null,
          null,
          1,
          1,
          null,
          null,
          1,
          1,
          null,
          1,
          1,
          1,
          1,
          1,
          1,
          1,
          1,
          null,
          1,
          1,
          1,
          null,
          null,
          1,
          1,
          null,
          1,
          null,
          null,
          1,
          1,
          null,
          1,
          1,
          1,
          null,
          1,
          1,
          null,
          1,
          1,
          1,
          null,
          null
        ]
      },
      "/Users/kelsieporter/turing/mod_2/independent_challenges/b2-mid-mod/spec/models/department_spec.rb": {
        "lines": [
          1,
          null,
          1,
          1,
          2,
          null,
          null,
          1,
          1,
          1,
          1,
          1,
          null,
          1,
          1,
          1,
          1,
          1,
          1,
          null,
          1,
          1,
          null,
          1,
          1,
          1,
          null,
          null,
          null,
          null
        ]
      },
      "/Users/kelsieporter/turing/mod_2/independent_challenges/b2-mid-mod/app/models/department.rb": {
        "lines": [
          1,
          1,
          null,
          1,
          6,
          null,
          null
        ]
      },
      "/Users/kelsieporter/turing/mod_2/independent_challenges/b2-mid-mod/app/models/application_record.rb": {
        "lines": [
          1,
          1,
          null
        ]
      },
      "/Users/kelsieporter/turing/mod_2/independent_challenges/b2-mid-mod/spec/models/employee_spec.rb": {
        "lines": [
          1,
          null,
          1,
          1,
          2,
          2,
          2,
          null,
          null,
          1,
          1,
          2,
          2,
          2,
          null,
          2,
          2,
          2,
          2,
          2,
          2,
          null,
          2,
          2,
          2,
          2,
          null,
          2,
          2,
          2,
          2,
          2,
          2,
          null,
          null,
          1,
          1,
          null,
          1,
          1,
          1,
          1,
          1,
          null,
          null,
          null,
          1,
          1,
          null,
          1,
          null,
          null,
          null,
          null
        ]
      },
      "/Users/kelsieporter/turing/mod_2/independent_challenges/b2-mid-mod/app/models/employee.rb": {
        "lines": [
          1,
          1,
          1,
          1,
          null,
          1,
          11,
          null,
          null,
          null,
          null,
          null,
          null,
          1,
          16,
          null,
          null,
          null,
          null,
          null,
          null,
          1,
          10,
          null,
          null,
          null,
          null,
          null,
          null,
          null
        ]
      },
      "/Users/kelsieporter/turing/mod_2/independent_challenges/b2-mid-mod/spec/models/employee_ticket_spec.rb": {
        "lines": [
          1,
          null,
          1,
          1,
          2,
          2,
          null,
          null
        ]
      },
      "/Users/kelsieporter/turing/mod_2/independent_challenges/b2-mid-mod/app/models/employee_ticket.rb": {
        "lines": [
          1,
          1,
          1,
          null
        ]
      },
      "/Users/kelsieporter/turing/mod_2/independent_challenges/b2-mid-mod/spec/models/ticket_spec.rb": {
        "lines": [
          1,
          null,
          1,
          1,
          2,
          2,
          null,
          null
        ]
      },
      "/Users/kelsieporter/turing/mod_2/independent_challenges/b2-mid-mod/app/models/ticket.rb": {
        "lines": [
          1,
          1,
          1,
          null
        ]
      },
      "/Users/kelsieporter/turing/mod_2/independent_challenges/b2-mid-mod/app/controllers/departments_controller.rb": {
        "lines": [
          1,
          null,
          1,
          1,
          null,
          null
        ]
      },
      "/Users/kelsieporter/turing/mod_2/independent_challenges/b2-mid-mod/app/controllers/application_controller.rb": {
        "lines": [
          1,
          null
        ]
      },
      "/Users/kelsieporter/turing/mod_2/independent_challenges/b2-mid-mod/app/controllers/employees_controller.rb": {
        "lines": [
          1,
          null,
          1,
          5,
          null,
          null
        ]
      },
      "/Users/kelsieporter/turing/mod_2/independent_challenges/b2-mid-mod/app/controllers/employee_tickets_controller.rb": {
        "lines": [
          1,
          null,
          1,
          1,
          null,
          1,
          null,
          null,
          1,
          null,
          1,
          2,
          null,
          null
        ]
      }
    },
    "timestamp": 1672465480
  }
}
